<?xml version="1.0" encoding="UTF-8"?>
<testsuite name="TwelveDaysTest" tests="15" skipped="12" failures="0" errors="0" timestamp="2020-09-29T08:36:32" hostname="MacBook-Pro.local" time="0.004">
  <properties/>
  <testcase name="testVerseEight" classname="TwelveDaysTest" time="0.0">
    <skipped/>
  </testcase>
  <testcase name="testVerseSeven" classname="TwelveDaysTest" time="0.0">
    <skipped/>
  </testcase>
  <testcase name="testVerseThree" classname="TwelveDaysTest" time="0.002"/>
  <testcase name="testVerseOne" classname="TwelveDaysTest" time="0.0"/>
  <testcase name="testVerseSix" classname="TwelveDaysTest" time="0.0">
    <skipped/>
  </testcase>
  <testcase name="testVerseTen" classname="TwelveDaysTest" time="0.0">
    <skipped/>
  </testcase>
  <testcase name="testVerseTwo" classname="TwelveDaysTest" time="0.0"/>
  <testcase name="testVerseFive" classname="TwelveDaysTest" time="0.0">
    <skipped/>
  </testcase>
  <testcase name="testVerseFour" classname="TwelveDaysTest" time="0.0">
    <skipped/>
  </testcase>
  <testcase name="testVerseNine" classname="TwelveDaysTest" time="0.0">
    <skipped/>
  </testcase>
  <testcase name="testVerseEleven" classname="TwelveDaysTest" time="0.0">
    <skipped/>
  </testcase>
  <testcase name="testVerseTwelve" classname="TwelveDaysTest" time="0.0">
    <skipped/>
  </testcase>
  <testcase name="testFirstThreeVerses" classname="TwelveDaysTest" time="0.0">
    <skipped/>
  </testcase>
  <testcase name="testSingWholeSong" classname="TwelveDaysTest" time="0.0">
    <skipped/>
  </testcase>
  <testcase name="testFourthToSixthVerses" classname="TwelveDaysTest" time="0.0">
    <skipped/>
  </testcase>
  <system-out><![CDATA[]]></system-out>
  <system-err><![CDATA[]]></system-err>
</testsuite>
