<?xml version="1.0" encoding="UTF-8"?>
<testsuite name="AnagramTest" tests="14" skipped="6" failures="0" errors="0" timestamp="2020-09-25T15:01:20" hostname="MacBook-Pro" time="0.043">
  <properties/>
  <testcase name="testCaseInsensitiveWhenBothAnagramAndSubjectStartWithUpperCaseLetter" classname="AnagramTest" time="0.04"/>
  <testcase name="testEliminateAnagramSubsets" classname="AnagramTest" time="0.0"/>
  <testcase name="testAnagramMustUseAllLettersExactlyOnce" classname="AnagramTest" time="0.0">
    <skipped/>
  </testcase>
  <testcase name="testIdenticalWordRepeatedIsNotAnagram" classname="AnagramTest" time="0.001">
    <skipped/>
  </testcase>
  <testcase name="testDetectsMultipleAnagramsWithDifferentCase" classname="AnagramTest" time="0.0"/>
  <testcase name="testWordsOtherThanThemselvesCanBeAnagrams" classname="AnagramTest" time="0.0">
    <skipped/>
  </testcase>
  <testcase name="testDetectMultipleAnagramsForLongerWord" classname="AnagramTest" time="0.0"/>
  <testcase name="testDetectMultipleAnagrams" classname="AnagramTest" time="0.0"/>
  <testcase name="testWordsAreNotAnagramsOfThemselvesCaseInsensitive" classname="AnagramTest" time="0.0">
    <skipped/>
  </testcase>
  <testcase name="testCaseInsensitiveWhenSubjectStartsWithUpperCaseLetter" classname="AnagramTest" time="0.0">
    <skipped/>
  </testcase>
  <testcase name="testCaseInsensitiveWhenAnagramStartsWithUpperCaseLetter" classname="AnagramTest" time="0.0">
    <skipped/>
  </testcase>
  <testcase name="testDetectLongerAnagram" classname="AnagramTest" time="0.0"/>
  <testcase name="testNoMatches" classname="AnagramTest" time="0.0"/>
  <testcase name="testEliminateAnagramsWithSameChecksum" classname="AnagramTest" time="0.0"/>
  <system-out><![CDATA[]]></system-out>
  <system-err><![CDATA[]]></system-err>
</testsuite>
