<?xml version="1.0" encoding="UTF-8"?>
<testsuite name="PigLatinTranslatorTest" tests="22" skipped="21" failures="0" errors="0" timestamp="2020-09-24T18:55:19" hostname="MacBook-Pro" time="0.007">
  <properties/>
  <testcase name="testYAsSecondLetterInTwoLetterWord" classname="PigLatinTranslatorTest" time="0.0">
    <skipped/>
  </testcase>
  <testcase name="testAWholePhrase" classname="PigLatinTranslatorTest" time="0.0">
    <skipped/>
  </testcase>
  <testcase name="testWordBeginningWithQWithoutAFollowingU" classname="PigLatinTranslatorTest" time="0.0">
    <skipped/>
  </testcase>
  <testcase name="testWordBeginningWithA" classname="PigLatinTranslatorTest" time="0.001"/>
  <testcase name="testWordBeginningWithE" classname="PigLatinTranslatorTest" time="0.0">
    <skipped/>
  </testcase>
  <testcase name="testWordBeginningWithI" classname="PigLatinTranslatorTest" time="0.0">
    <skipped/>
  </testcase>
  <testcase name="testWordBeginningWithK" classname="PigLatinTranslatorTest" time="0.0">
    <skipped/>
  </testcase>
  <testcase name="testWordBeginningWithO" classname="PigLatinTranslatorTest" time="0.0">
    <skipped/>
  </testcase>
  <testcase name="testWordBeginningWithP" classname="PigLatinTranslatorTest" time="0.0">
    <skipped/>
  </testcase>
  <testcase name="testWordBeginningWithU" classname="PigLatinTranslatorTest" time="0.0">
    <skipped/>
  </testcase>
  <testcase name="testWordBeginningWithX" classname="PigLatinTranslatorTest" time="0.0">
    <skipped/>
  </testcase>
  <testcase name="testYTreatedLikeAConsonantAtTheBeginningOfAWord" classname="PigLatinTranslatorTest" time="0.0">
    <skipped/>
  </testcase>
  <testcase name="testQuAndAPrecedingConsonantTreatedLikeAConsonantAtTheBeginningOfAWord" classname="PigLatinTranslatorTest" time="0.0">
    <skipped/>
  </testcase>
  <testcase name="testWordBeginningWithVowelAndFollowedByQu" classname="PigLatinTranslatorTest" time="0.0">
    <skipped/>
  </testcase>
  <testcase name="testThTreatedLikeAConsonantAtTheBeginningOfAWord" classname="PigLatinTranslatorTest" time="0.0">
    <skipped/>
  </testcase>
  <testcase name="testSchTreatedLikeAConsonantAtTheBeginningOfAWord" classname="PigLatinTranslatorTest" time="0.001">
    <skipped/>
  </testcase>
  <testcase name="testChTreatedLikeAConsonantAtTheBeginningOfAWord" classname="PigLatinTranslatorTest" time="0.0">
    <skipped/>
  </testcase>
  <testcase name="testYTreatedLikeAVowelAtTheEndOfAConsonantCluster" classname="PigLatinTranslatorTest" time="0.0">
    <skipped/>
  </testcase>
  <testcase name="testYtTreatedLikeAVowelAtTheBeginningOfAWord" classname="PigLatinTranslatorTest" time="0.0">
    <skipped/>
  </testcase>
  <testcase name="testQuTreatedLikeAConsonantAtTheBeginningOfAWord" classname="PigLatinTranslatorTest" time="0.0">
    <skipped/>
  </testcase>
  <testcase name="testThrTreatedLikeAConsonantAtTheBeginningOfAWord" classname="PigLatinTranslatorTest" time="0.0">
    <skipped/>
  </testcase>
  <testcase name="testXrTreatedLikeAVowelAtTheBeginningOfAWord" classname="PigLatinTranslatorTest" time="0.0">
    <skipped/>
  </testcase>
  <system-out><![CDATA[]]></system-out>
  <system-err><![CDATA[]]></system-err>
</testsuite>
